<?xml version="1.0" encoding="UTF-8"?>
<testsuite xmlns:xsi="http://www.w3.org/2001/XMLSchema-instance" xsi:noNamespaceSchemaLocation="https://maven.apache.org/surefire/maven-surefire-plugin/xsd/surefire-test-report.xsd" name="com.xwiggy.food.XwiggyApplicationTests" time="7.339" tests="3" errors="0" skipped="0" failures="0">
  <properties>
[...]
</properties>
  <testcase name="checkCartDb" classname="com.xwiggy.food.XwiggyApplicationTests" time="0.463"/>
  <testcase name="checkFoodTable" classname="com.xwiggy.food.XwiggyApplicationTests" time="0.023"/>
  <testcase name="contextLoads" classname="com.xwiggy.food.XwiggyApplicationTests" time="0.018"/>
</testsuite>